<?xml version="1.0" encoding="UTF-8"?>
<!-- Generated by org.testng.reporters.JUnitReportReporter -->
<testsuite hostname="MFCHHNBK004" name="org.javasnippets.utils.mvn.ArtefactMetadataUtilsTest" tests="2" failures="0" timestamp="15 Nov 2014 21:34:06 GMT" time="19.734" errors="0">
  <testcase name="testListMavenArtefactInfos" time="19.703" classname="org.javasnippets.utils.mvn.ArtefactMetadataUtilsTest"/>
  <testcase name="testGetManifestEntries" time="0.031" classname="org.javasnippets.utils.mvn.ArtefactMetadataUtilsTest"/>
</testsuite> <!-- org.javasnippets.utils.mvn.ArtefactMetadataUtilsTest -->
