<?xml version="1.0" encoding="UTF-8"?>
<!-- Generated by org.testng.reporters.JUnitReportReporter -->
<testsuite hostname="MFCHHNBK113" name="org.javasnippets.utils.mvn.ArtefactMetadataUtilsTest" tests="2" failures="0" timestamp="17 Nov 2014 12:40:17 GMT" time="0.010" errors="0">
  <testcase name="testGetManifestEntries" time="0.010" classname="org.javasnippets.utils.mvn.ArtefactMetadataUtilsTest"/>
  <testcase name="testListMavenArtefactInfos" time="0.000" classname="org.javasnippets.utils.mvn.ArtefactMetadataUtilsTest"/>
</testsuite> <!-- org.javasnippets.utils.mvn.ArtefactMetadataUtilsTest -->
