<?xml version="1.0" encoding="UTF-8"?>
<!-- Generated by org.testng.reporters.JUnitReportReporter -->
<testsuite hostname="MFCHHNBK113" name="org.javasnippets.utils.mvn.ArtefactMetadataUtilsTest" tests="2" failures="0" timestamp="20 Nov 2014 11:17:36 GMT" time="0.024" errors="0">
  <testcase name="testGetManifestEntries" time="0.018" classname="org.javasnippets.utils.mvn.ArtefactMetadataUtilsTest"/>
  <testcase name="testListMavenArtefactInfos" time="0.006" classname="org.javasnippets.utils.mvn.ArtefactMetadataUtilsTest"/>
</testsuite> <!-- org.javasnippets.utils.mvn.ArtefactMetadataUtilsTest -->
